<?xml version="1.0" encoding="UTF-8"?>
<testsuite xmlns:xsi="http://www.w3.org/2001/XMLSchema-instance" xsi:noNamespaceSchemaLocation="https://maven.apache.org/surefire/maven-surefire-plugin/xsd/surefire-test-report-3.0.xsd" version="3.0" name="smpl.ordering.repositories.mock.test.MockOrderRepositoryTest" time="0.019" tests="8" errors="0" skipped="0" failures="0">
  <properties>
    <property name="awt.toolkit" value="sun.awt.X11.XToolkit"/>
    <property name="java.specification.version" value="11"/>
    <property name="sun.cpu.isalist" value=""/>
    <property name="sun.jnu.encoding" value="UTF-8"/>
    <property name="java.class.path" value="/data/yingying/msextraction/PartsUnlimitedMRP/src/Backend/OrderService/target/test-classes:/data/yingying/msextraction/PartsUnlimitedMRP/src/Backend/OrderService/target/classes:/ubc/ece/home/jr/grads/wyingying/.m2/repository/org/springframework/data/spring-data-commons/1.8.4.RELEASE/spring-data-commons-1.8.4.RELEASE.jar:/ubc/ece/home/jr/grads/wyingying/.m2/repository/org/springframework/spring-core/3.2.10.RELEASE/spring-core-3.2.10.RELEASE.jar:/ubc/ece/home/jr/grads/wyingying/.m2/repository/org/springframework/spring-beans/3.2.10.RELEASE/spring-beans-3.2.10.RELEASE.jar:/ubc/ece/home/jr/grads/wyingying/.m2/repository/org/slf4j/slf4j-api/1.7.7/slf4j-api-1.7.7.jar:/ubc/ece/home/jr/grads/wyingying/.m2/repository/org/slf4j/jcl-over-slf4j/1.7.7/jcl-over-slf4j-1.7.7.jar:/ubc/ece/home/jr/grads/wyingying/.m2/repository/org/hibernate/hibernate-core/4.2.0.Final/hibernate-core-4.2.0.Final.jar:/ubc/ece/home/jr/grads/wyingying/.m2/repository/antlr/antlr/2.7.7/antlr-2.7.7.jar:/ubc/ece/home/jr/grads/wyingying/.m2/repository/org/jboss/logging/jboss-logging/3.1.0.GA/jboss-logging-3.1.0.GA.jar:/ubc/ece/home/jr/grads/wyingying/.m2/repository/org/jboss/spec/javax/transaction/jboss-transaction-api_1.1_spec/1.0.0.Final/jboss-transaction-api_1.1_spec-1.0.0.Final.jar:/ubc/ece/home/jr/grads/wyingying/.m2/repository/dom4j/dom4j/1.6.1/dom4j-1.6.1.jar:/ubc/ece/home/jr/grads/wyingying/.m2/repository/org/hibernate/javax/persistence/hibernate-jpa-2.0-api/1.0.1.Final/hibernate-jpa-2.0-api-1.0.1.Final.jar:/ubc/ece/home/jr/grads/wyingying/.m2/repository/org/javassist/javassist/3.15.0-GA/javassist-3.15.0-GA.jar:/ubc/ece/home/jr/grads/wyingying/.m2/repository/org/hibernate/common/hibernate-commons-annotations/4.0.1.Final/hibernate-commons-annotations-4.0.1.Final.jar:/ubc/ece/home/jr/grads/wyingying/.m2/repository/junit/junit/4.11/junit-4.11.jar:/ubc/ece/home/jr/grads/wyingying/.m2/repository/org/hamcrest/hamcrest-core/1.3/hamcrest-core-1.3.jar:/ubc/ece/home/jr/grads/wyingying/.m2/repository/com/microsoft/azure/applicationinsights-core/1.0.10/applicationinsights-core-1.0.10.jar:/ubc/ece/home/jr/grads/wyingying/.m2/repository/eu/infomas/annotation-detector/3.0.4/annotation-detector-3.0.4.jar:/ubc/ece/home/jr/grads/wyingying/.m2/repository/commons-io/commons-io/2.4/commons-io-2.4.jar:/ubc/ece/home/jr/grads/wyingying/.m2/repository/org/apache/commons/commons-lang3/3.1/commons-lang3-3.1.jar:/ubc/ece/home/jr/grads/wyingying/.m2/repository/com/google/guava/guava/12.0.1/guava-12.0.1.jar:/ubc/ece/home/jr/grads/wyingying/.m2/repository/com/google/code/findbugs/jsr305/1.3.9/jsr305-1.3.9.jar:/ubc/ece/home/jr/grads/wyingying/.m2/repository/org/springframework/boot/spring-boot-starter-web/1.1.7.RELEASE/spring-boot-starter-web-1.1.7.RELEASE.jar:/ubc/ece/home/jr/grads/wyingying/.m2/repository/org/springframework/boot/spring-boot-starter/1.1.7.RELEASE/spring-boot-starter-1.1.7.RELEASE.jar:/ubc/ece/home/jr/grads/wyingying/.m2/repository/org/springframework/boot/spring-boot/1.1.7.RELEASE/spring-boot-1.1.7.RELEASE.jar:/ubc/ece/home/jr/grads/wyingying/.m2/repository/org/springframework/boot/spring-boot-autoconfigure/1.1.7.RELEASE/spring-boot-autoconfigure-1.1.7.RELEASE.jar:/ubc/ece/home/jr/grads/wyingying/.m2/repository/org/springframework/boot/spring-boot-starter-logging/1.1.7.RELEASE/spring-boot-starter-logging-1.1.7.RELEASE.jar:/ubc/ece/home/jr/grads/wyingying/.m2/repository/org/slf4j/jul-to-slf4j/1.7.7/jul-to-slf4j-1.7.7.jar:/ubc/ece/home/jr/grads/wyingying/.m2/repository/org/slf4j/log4j-over-slf4j/1.7.7/log4j-over-slf4j-1.7.7.jar:/ubc/ece/home/jr/grads/wyingying/.m2/repository/ch/qos/logback/logback-classic/1.1.2/logback-classic-1.1.2.jar:/ubc/ece/home/jr/grads/wyingying/.m2/repository/ch/qos/logback/logback-core/1.1.2/logback-core-1.1.2.jar:/ubc/ece/home/jr/grads/wyingying/.m2/repository/org/yaml/snakeyaml/1.13/snakeyaml-1.13.jar:/ubc/ece/home/jr/grads/wyingying/.m2/repository/org/springframework/boot/spring-boot-starter-tomcat/1.1.7.RELEASE/spring-boot-starter-tomcat-1.1.7.RELEASE.jar:/ubc/ece/home/jr/grads/wyingying/.m2/repository/org/apache/tomcat/embed/tomcat-embed-core/7.0.55/tomcat-embed-core-7.0.55.jar:/ubc/ece/home/jr/grads/wyingying/.m2/repository/org/apache/tomcat/embed/tomcat-embed-el/7.0.55/tomcat-embed-el-7.0.55.jar:/ubc/ece/home/jr/grads/wyingying/.m2/repository/org/apache/tomcat/embed/tomcat-embed-logging-juli/7.0.55/tomcat-embed-logging-juli-7.0.55.jar:/ubc/ece/home/jr/grads/wyingying/.m2/repository/com/fasterxml/jackson/core/jackson-databind/2.3.4/jackson-databind-2.3.4.jar:/ubc/ece/home/jr/grads/wyingying/.m2/repository/com/fasterxml/jackson/core/jackson-annotations/2.3.0/jackson-annotations-2.3.0.jar:/ubc/ece/home/jr/grads/wyingying/.m2/repository/com/fasterxml/jackson/core/jackson-core/2.3.4/jackson-core-2.3.4.jar:/ubc/ece/home/jr/grads/wyingying/.m2/repository/org/hibernate/hibernate-validator/5.0.3.Final/hibernate-validator-5.0.3.Final.jar:/ubc/ece/home/jr/grads/wyingying/.m2/repository/javax/validation/validation-api/1.1.0.Final/validation-api-1.1.0.Final.jar:/ubc/ece/home/jr/grads/wyingying/.m2/repository/com/fasterxml/classmate/1.0.0/classmate-1.0.0.jar:/ubc/ece/home/jr/grads/wyingying/.m2/repository/org/springframework/spring-web/4.0.7.RELEASE/spring-web-4.0.7.RELEASE.jar:/ubc/ece/home/jr/grads/wyingying/.m2/repository/org/springframework/spring-aop/4.0.7.RELEASE/spring-aop-4.0.7.RELEASE.jar:/ubc/ece/home/jr/grads/wyingying/.m2/repository/aopalliance/aopalliance/1.0/aopalliance-1.0.jar:/ubc/ece/home/jr/grads/wyingying/.m2/repository/org/springframework/spring-webmvc/4.0.7.RELEASE/spring-webmvc-4.0.7.RELEASE.jar:/ubc/ece/home/jr/grads/wyingying/.m2/repository/org/springframework/data/spring-data-mongodb/1.5.4.RELEASE/spring-data-mongodb-1.5.4.RELEASE.jar:/ubc/ece/home/jr/grads/wyingying/.m2/repository/org/springframework/spring-tx/3.2.10.RELEASE/spring-tx-3.2.10.RELEASE.jar:/ubc/ece/home/jr/grads/wyingying/.m2/repository/org/springframework/spring-context/3.2.10.RELEASE/spring-context-3.2.10.RELEASE.jar:/ubc/ece/home/jr/grads/wyingying/.m2/repository/org/springframework/spring-expression/3.2.10.RELEASE/spring-expression-3.2.10.RELEASE.jar:/ubc/ece/home/jr/grads/wyingying/.m2/repository/org/mongodb/mongo-java-driver/2.12.3/mongo-java-driver-2.12.3.jar:/ubc/ece/home/jr/grads/wyingying/.m2/repository/org/apache/httpcomponents/httpclient/4.3.5/httpclient-4.3.5.jar:/ubc/ece/home/jr/grads/wyingying/.m2/repository/org/apache/httpcomponents/httpcore/4.3.2/httpcore-4.3.2.jar:/ubc/ece/home/jr/grads/wyingying/.m2/repository/commons-logging/commons-logging/1.1.3/commons-logging-1.1.3.jar:/ubc/ece/home/jr/grads/wyingying/.m2/repository/commons-codec/commons-codec/1.6/commons-codec-1.6.jar:/ubc/ece/home/jr/grads/wyingying/.m2/repository/org/springframework/boot/spring-boot-starter-actuator/1.1.7.RELEASE/spring-boot-starter-actuator-1.1.7.RELEASE.jar:/ubc/ece/home/jr/grads/wyingying/.m2/repository/org/springframework/boot/spring-boot-actuator/1.1.7.RELEASE/spring-boot-actuator-1.1.7.RELEASE.jar:"/>
    <property name="java.vm.vendor" value="Ubuntu"/>
    <property name="sun.arch.data.model" value="64"/>
    <property name="java.vendor.url" value="https://ubuntu.com/"/>
    <property name="user.timezone" value="America/Vancouver"/>
    <property name="java.vm.specification.version" value="11"/>
    <property name="os.name" value="Linux"/>
    <property name="sun.java.launcher" value="SUN_STANDARD"/>
    <property name="user.country" value="CA"/>
    <property name="sun.boot.library.path" value="/usr/lib/jvm/java-11-openjdk-amd64/lib"/>
    <property name="sun.java.command" value="/data/yingying/msextraction/PartsUnlimitedMRP/src/Backend/OrderService/target/surefire/surefirebooter-20221211170535544_3.jar /data/yingying/msextraction/PartsUnlimitedMRP/src/Backend/OrderService/target/surefire 2022-12-11T17-05-34_066-jvmRun1 surefire-20221211170535544_1tmp surefire_0-20221211170535544_2tmp"/>
    <property name="jdk.debug" value="release"/>
    <property name="surefire.test.class.path" value="/data/yingying/msextraction/PartsUnlimitedMRP/src/Backend/OrderService/target/test-classes:/data/yingying/msextraction/PartsUnlimitedMRP/src/Backend/OrderService/target/classes:/ubc/ece/home/jr/grads/wyingying/.m2/repository/org/springframework/data/spring-data-commons/1.8.4.RELEASE/spring-data-commons-1.8.4.RELEASE.jar:/ubc/ece/home/jr/grads/wyingying/.m2/repository/org/springframework/spring-core/3.2.10.RELEASE/spring-core-3.2.10.RELEASE.jar:/ubc/ece/home/jr/grads/wyingying/.m2/repository/org/springframework/spring-beans/3.2.10.RELEASE/spring-beans-3.2.10.RELEASE.jar:/ubc/ece/home/jr/grads/wyingying/.m2/repository/org/slf4j/slf4j-api/1.7.7/slf4j-api-1.7.7.jar:/ubc/ece/home/jr/grads/wyingying/.m2/repository/org/slf4j/jcl-over-slf4j/1.7.7/jcl-over-slf4j-1.7.7.jar:/ubc/ece/home/jr/grads/wyingying/.m2/repository/org/hibernate/hibernate-core/4.2.0.Final/hibernate-core-4.2.0.Final.jar:/ubc/ece/home/jr/grads/wyingying/.m2/repository/antlr/antlr/2.7.7/antlr-2.7.7.jar:/ubc/ece/home/jr/grads/wyingying/.m2/repository/org/jboss/logging/jboss-logging/3.1.0.GA/jboss-logging-3.1.0.GA.jar:/ubc/ece/home/jr/grads/wyingying/.m2/repository/org/jboss/spec/javax/transaction/jboss-transaction-api_1.1_spec/1.0.0.Final/jboss-transaction-api_1.1_spec-1.0.0.Final.jar:/ubc/ece/home/jr/grads/wyingying/.m2/repository/dom4j/dom4j/1.6.1/dom4j-1.6.1.jar:/ubc/ece/home/jr/grads/wyingying/.m2/repository/org/hibernate/javax/persistence/hibernate-jpa-2.0-api/1.0.1.Final/hibernate-jpa-2.0-api-1.0.1.Final.jar:/ubc/ece/home/jr/grads/wyingying/.m2/repository/org/javassist/javassist/3.15.0-GA/javassist-3.15.0-GA.jar:/ubc/ece/home/jr/grads/wyingying/.m2/repository/org/hibernate/common/hibernate-commons-annotations/4.0.1.Final/hibernate-commons-annotations-4.0.1.Final.jar:/ubc/ece/home/jr/grads/wyingying/.m2/repository/junit/junit/4.11/junit-4.11.jar:/ubc/ece/home/jr/grads/wyingying/.m2/repository/org/hamcrest/hamcrest-core/1.3/hamcrest-core-1.3.jar:/ubc/ece/home/jr/grads/wyingying/.m2/repository/com/microsoft/azure/applicationinsights-core/1.0.10/applicationinsights-core-1.0.10.jar:/ubc/ece/home/jr/grads/wyingying/.m2/repository/eu/infomas/annotation-detector/3.0.4/annotation-detector-3.0.4.jar:/ubc/ece/home/jr/grads/wyingying/.m2/repository/commons-io/commons-io/2.4/commons-io-2.4.jar:/ubc/ece/home/jr/grads/wyingying/.m2/repository/org/apache/commons/commons-lang3/3.1/commons-lang3-3.1.jar:/ubc/ece/home/jr/grads/wyingying/.m2/repository/com/google/guava/guava/12.0.1/guava-12.0.1.jar:/ubc/ece/home/jr/grads/wyingying/.m2/repository/com/google/code/findbugs/jsr305/1.3.9/jsr305-1.3.9.jar:/ubc/ece/home/jr/grads/wyingying/.m2/repository/org/springframework/boot/spring-boot-starter-web/1.1.7.RELEASE/spring-boot-starter-web-1.1.7.RELEASE.jar:/ubc/ece/home/jr/grads/wyingying/.m2/repository/org/springframework/boot/spring-boot-starter/1.1.7.RELEASE/spring-boot-starter-1.1.7.RELEASE.jar:/ubc/ece/home/jr/grads/wyingying/.m2/repository/org/springframework/boot/spring-boot/1.1.7.RELEASE/spring-boot-1.1.7.RELEASE.jar:/ubc/ece/home/jr/grads/wyingying/.m2/repository/org/springframework/boot/spring-boot-autoconfigure/1.1.7.RELEASE/spring-boot-autoconfigure-1.1.7.RELEASE.jar:/ubc/ece/home/jr/grads/wyingying/.m2/repository/org/springframework/boot/spring-boot-starter-logging/1.1.7.RELEASE/spring-boot-starter-logging-1.1.7.RELEASE.jar:/ubc/ece/home/jr/grads/wyingying/.m2/repository/org/slf4j/jul-to-slf4j/1.7.7/jul-to-slf4j-1.7.7.jar:/ubc/ece/home/jr/grads/wyingying/.m2/repository/org/slf4j/log4j-over-slf4j/1.7.7/log4j-over-slf4j-1.7.7.jar:/ubc/ece/home/jr/grads/wyingying/.m2/repository/ch/qos/logback/logback-classic/1.1.2/logback-classic-1.1.2.jar:/ubc/ece/home/jr/grads/wyingying/.m2/repository/ch/qos/logback/logback-core/1.1.2/logback-core-1.1.2.jar:/ubc/ece/home/jr/grads/wyingying/.m2/repository/org/yaml/snakeyaml/1.13/snakeyaml-1.13.jar:/ubc/ece/home/jr/grads/wyingying/.m2/repository/org/springframework/boot/spring-boot-starter-tomcat/1.1.7.RELEASE/spring-boot-starter-tomcat-1.1.7.RELEASE.jar:/ubc/ece/home/jr/grads/wyingying/.m2/repository/org/apache/tomcat/embed/tomcat-embed-core/7.0.55/tomcat-embed-core-7.0.55.jar:/ubc/ece/home/jr/grads/wyingying/.m2/repository/org/apache/tomcat/embed/tomcat-embed-el/7.0.55/tomcat-embed-el-7.0.55.jar:/ubc/ece/home/jr/grads/wyingying/.m2/repository/org/apache/tomcat/embed/tomcat-embed-logging-juli/7.0.55/tomcat-embed-logging-juli-7.0.55.jar:/ubc/ece/home/jr/grads/wyingying/.m2/repository/com/fasterxml/jackson/core/jackson-databind/2.3.4/jackson-databind-2.3.4.jar:/ubc/ece/home/jr/grads/wyingying/.m2/repository/com/fasterxml/jackson/core/jackson-annotations/2.3.0/jackson-annotations-2.3.0.jar:/ubc/ece/home/jr/grads/wyingying/.m2/repository/com/fasterxml/jackson/core/jackson-core/2.3.4/jackson-core-2.3.4.jar:/ubc/ece/home/jr/grads/wyingying/.m2/repository/org/hibernate/hibernate-validator/5.0.3.Final/hibernate-validator-5.0.3.Final.jar:/ubc/ece/home/jr/grads/wyingying/.m2/repository/javax/validation/validation-api/1.1.0.Final/validation-api-1.1.0.Final.jar:/ubc/ece/home/jr/grads/wyingying/.m2/repository/com/fasterxml/classmate/1.0.0/classmate-1.0.0.jar:/ubc/ece/home/jr/grads/wyingying/.m2/repository/org/springframework/spring-web/4.0.7.RELEASE/spring-web-4.0.7.RELEASE.jar:/ubc/ece/home/jr/grads/wyingying/.m2/repository/org/springframework/spring-aop/4.0.7.RELEASE/spring-aop-4.0.7.RELEASE.jar:/ubc/ece/home/jr/grads/wyingying/.m2/repository/aopalliance/aopalliance/1.0/aopalliance-1.0.jar:/ubc/ece/home/jr/grads/wyingying/.m2/repository/org/springframework/spring-webmvc/4.0.7.RELEASE/spring-webmvc-4.0.7.RELEASE.jar:/ubc/ece/home/jr/grads/wyingying/.m2/repository/org/springframework/data/spring-data-mongodb/1.5.4.RELEASE/spring-data-mongodb-1.5.4.RELEASE.jar:/ubc/ece/home/jr/grads/wyingying/.m2/repository/org/springframework/spring-tx/3.2.10.RELEASE/spring-tx-3.2.10.RELEASE.jar:/ubc/ece/home/jr/grads/wyingying/.m2/repository/org/springframework/spring-context/3.2.10.RELEASE/spring-context-3.2.10.RELEASE.jar:/ubc/ece/home/jr/grads/wyingying/.m2/repository/org/springframework/spring-expression/3.2.10.RELEASE/spring-expression-3.2.10.RELEASE.jar:/ubc/ece/home/jr/grads/wyingying/.m2/repository/org/mongodb/mongo-java-driver/2.12.3/mongo-java-driver-2.12.3.jar:/ubc/ece/home/jr/grads/wyingying/.m2/repository/org/apache/httpcomponents/httpclient/4.3.5/httpclient-4.3.5.jar:/ubc/ece/home/jr/grads/wyingying/.m2/repository/org/apache/httpcomponents/httpcore/4.3.2/httpcore-4.3.2.jar:/ubc/ece/home/jr/grads/wyingying/.m2/repository/commons-logging/commons-logging/1.1.3/commons-logging-1.1.3.jar:/ubc/ece/home/jr/grads/wyingying/.m2/repository/commons-codec/commons-codec/1.6/commons-codec-1.6.jar:/ubc/ece/home/jr/grads/wyingying/.m2/repository/org/springframework/boot/spring-boot-starter-actuator/1.1.7.RELEASE/spring-boot-starter-actuator-1.1.7.RELEASE.jar:/ubc/ece/home/jr/grads/wyingying/.m2/repository/org/springframework/boot/spring-boot-actuator/1.1.7.RELEASE/spring-boot-actuator-1.1.7.RELEASE.jar:"/>
    <property name="sun.cpu.endian" value="little"/>
    <property name="user.home" value="/ubc/ece/home/jr/grads/wyingying"/>
    <property name="user.language" value="en"/>
    <property name="java.specification.vendor" value="Oracle Corporation"/>
    <property name="java.version.date" value="2021-04-20"/>
    <property name="java.home" value="/usr/lib/jvm/java-11-openjdk-amd64"/>
    <property name="file.separator" value="/"/>
    <property name="basedir" value="/data/yingying/msextraction/PartsUnlimitedMRP/src/Backend/OrderService"/>
    <property name="java.vm.compressedOopsMode" value="Zero based"/>
    <property name="line.separator" value="&#10;"/>
    <property name="java.specification.name" value="Java Platform API Specification"/>
    <property name="java.vm.specification.vendor" value="Oracle Corporation"/>
    <property name="java.awt.graphicsenv" value="sun.awt.X11GraphicsEnvironment"/>
    <property name="surefire.real.class.path" value="/data/yingying/msextraction/PartsUnlimitedMRP/src/Backend/OrderService/target/surefire/surefirebooter-20221211170535544_3.jar"/>
    <property name="sun.management.compiler" value="HotSpot 64-Bit Tiered Compilers"/>
    <property name="java.runtime.version" value="11.0.11+9-Ubuntu-0ubuntu2.16.04"/>
    <property name="user.name" value="wyingying"/>
    <property name="path.separator" value=":"/>
    <property name="os.version" value="4.4.0-142-generic"/>
    <property name="java.runtime.name" value="OpenJDK Runtime Environment"/>
    <property name="file.encoding" value="UTF-8"/>
    <property name="java.vm.name" value="OpenJDK 64-Bit Server VM"/>
    <property name="localRepository" value="/ubc/ece/home/jr/grads/wyingying/.m2/repository"/>
    <property name="java.vendor.url.bug" value="https://bugs.launchpad.net/ubuntu/+source/openjdk-lts"/>
    <property name="java.io.tmpdir" value="/tmp"/>
    <property name="java.version" value="11.0.11"/>
    <property name="user.dir" value="/data/yingying/msextraction/PartsUnlimitedMRP/src/Backend/OrderService"/>
    <property name="os.arch" value="amd64"/>
    <property name="java.vm.specification.name" value="Java Virtual Machine Specification"/>
    <property name="java.awt.printerjob" value="sun.print.PSPrinterJob"/>
    <property name="sun.os.patch.level" value="unknown"/>
    <property name="java.library.path" value="/usr/java/packages/lib:/usr/lib/x86_64-linux-gnu/jni:/lib/x86_64-linux-gnu:/usr/lib/x86_64-linux-gnu:/usr/lib/jni:/lib:/usr/lib"/>
    <property name="java.vm.info" value="mixed mode, sharing"/>
    <property name="java.vendor" value="Ubuntu"/>
    <property name="java.vm.version" value="11.0.11+9-Ubuntu-0ubuntu2.16.04"/>
    <property name="sun.io.unicode.encoding" value="UnicodeLittle"/>
    <property name="java.class.version" value="55.0"/>
    <property name="maven.test.failure.ignore" value="true"/>
  </properties>
  <testcase name="testGetOrder" classname="smpl.ordering.repositories.mock.test.MockOrderRepositoryTest" time="0"/>
  <testcase name="testGetOrdersByDealerName" classname="smpl.ordering.repositories.mock.test.MockOrderRepositoryTest" time="0.002"/>
  <testcase name="testUpdateOrder" classname="smpl.ordering.repositories.mock.test.MockOrderRepositoryTest" time="0.003"/>
  <testcase name="testCreateOrder" classname="smpl.ordering.repositories.mock.test.MockOrderRepositoryTest" time="0.002"/>
  <testcase name="testUpdateOrder1" classname="smpl.ordering.repositories.mock.test.MockOrderRepositoryTest" time="0.003"/>
  <testcase name="testGetOrdersByStatus" classname="smpl.ordering.repositories.mock.test.MockOrderRepositoryTest" time="0.002"/>
  <testcase name="testGetOrdersByQuoteId" classname="smpl.ordering.repositories.mock.test.MockOrderRepositoryTest" time="0.002"/>
  <testcase name="testHasOrder" classname="smpl.ordering.repositories.mock.test.MockOrderRepositoryTest" time="0.001"/>
</testsuite>